2024-05-17 17:41:19,544 [7] INFO StudentManagementASPX.Login - Login attempt -> Application Number: omondivincent473@gmail.com.
2024-05-20 12:16:15,597 [9] INFO StudentManagementASPX.Login - Login attempt -> Email address: omondivincent473@gmail.com.
2024-05-20 12:20:36,337 [10] INFO StudentManagementASPX.Login - Login attempt -> Email address: setholweya@gmail.com.
2024-05-20 12:21:51,240 [13] INFO StudentManagementASPX.Login - Login attempt -> Email address: setholweya@gmail.com.
2024-05-20 12:21:52,018 [9] INFO StudentManagementASPX.Login - Login attempt -> Email address: setholweya@gmail.com.
2024-05-20 12:25:01,464 [9] INFO StudentManagementASPX.Login - Login attempt -> Email address: omondivincent473@gmail.com.
2024-05-20 13:19:02,910 [7] INFO StudentManagementASPX.Login - Login attempt -> Email address: omondivincent473@gmail.com.
2024-05-20 14:25:46,245 [7] INFO StudentManagementASPX.Login - Login attempt -> Email address: omondivincent473@gmail.com.
2024-05-20 14:48:18,208 [26] INFO StudentManagementASPX.Login - Login attempt -> Email address: setholweya@gmail.com.
2024-05-20 14:48:53,357 [26] INFO StudentManagementASPX.Login - Login attempt -> Email address: setholweya@gmail.com.
2024-05-20 14:54:08,829 [10] INFO StudentManagementASPX.Login - Login attempt -> Email address: omondivincent473@gmail.com.
2024-05-20 14:56:54,086 [13] INFO StudentManagementASPX.Login - Login attempt -> Email address: setholweya@gmail.com.
2024-05-20 14:59:04,278 [7] INFO StudentManagementASPX.Login - Login attempt -> Email address: naliakaj502@gmail.com.
2024-05-20 15:53:04,112 [5] INFO StudentManagementASPX.Login - Login attempt -> Email address: mutevuirene0@gmail.com.
2024-05-20 16:20:50,786 [9] INFO StudentManagementASPX.Login - Login attempt -> Email address: mutevuirene0@gmail.com.
2024-05-21 10:59:31,211 [7] INFO StudentManagementASPX.Login - Login attempt -> Email address: mutevuirene0@gmail.com.
2024-05-21 10:59:38,276 [8] INFO StudentManagementASPX.Login - Login attempt -> Email address: mutevuirene0@gmail.com.
2024-05-21 10:59:40,053 [8] INFO StudentManagementASPX.Login - Login attempt -> Email address: mutevuirene0@gmail.com.
2024-05-21 10:59:53,348 [11] INFO StudentManagementASPX.Login - Login attempt -> Email address: mutevuirene0@gmail.com.
2024-05-21 11:03:03,232 [13] INFO StudentManagementASPX.Login - Login attempt -> Email address: mutevuirene0@gmail.com.
2024-05-21 11:05:16,715 [8] INFO StudentManagementASPX.Login - Login attempt -> Email address: mutevuirene0@gmail.com.
2024-05-21 12:34:58,043 [5] INFO StudentManagementASPX.Login - Login attempt -> Email address: mutevuirene0@gmail.com.
2024-05-21 14:10:58,143 [7] INFO StudentManagementASPX.Login - Login attempt -> Email address: mutevuirene0@gmail.com.
2024-05-21 14:12:27,092 [7] INFO StudentManagementASPX.Login - Login attempt -> Email address: mutevuirene0@gmail.com.
2024-05-29 11:05:12,141 [5] INFO StudentManagementASPX.Login - Login attempt -> Email address: veshmwas@gmail.com.
2024-05-29 11:28:34,476 [16] INFO StudentManagementASPX.Login - Login attempt -> Email address: nzabapice@gmail.com.
2024-06-06 11:26:33,971 [7] INFO StudentManagementASPX.Login - Login attempt -> Email address: omondivincent473@gmail.com.
2024-06-10 09:58:50,228 [7] INFO StudentManagementASPX.Login - Login attempt -> Email address: omondivincent473@gmail.com.
2024-06-12 12:29:22,317 [7] INFO StudentManagementASPX.Login - Login attempt -> Email address: omondivincent473@gmail.com.
2024-06-12 12:37:56,569 [5] INFO StudentManagementASPX.Login - Login attempt -> Email address: omondivincent473@gmail.com.
2024-06-12 13:03:32,441 [7] INFO StudentManagementASPX.Login - Login attempt -> Email address: omondivincent473@gmail.com.
2024-06-12 16:08:23,653 [5] INFO StudentManagementASPX.Login - Login attempt -> Email address: omondivincent473@gmail.com.
2024-06-12 18:01:09,508 [7] INFO StudentManagementASPX.Login - Login attempt -> Email address: jaredgichaba16@gmail.com.
2024-06-12 18:05:17,958 [7] INFO StudentManagementASPX.Login - Login attempt -> Email address: jaredgichaba16@gmail.com.
2024-06-12 18:17:52,567 [7] INFO StudentManagementASPX.Login - Login attempt -> Email address: jaredgichaba16@gmail.com.
